<?xml version="1.0" encoding="UTF-8"?>
<!-- Generated by org.testng.reporters.JUnitReportReporter -->
<testsuite hostname="MLAMBA-IN" failures="0" tests="3" name="com.rediff.qa.testcases.LoginPageTest" time="121.307" errors="0" timestamp="2020-08-23T22:45:58 IST" skipped="0">
  <testcase classname="com.rediff.qa.testcases.LoginPageTest" name="validateLoginPageTitleTest" time="20.901"/>
  <system-out/>
  <testcase classname="com.rediff.qa.testcases.LoginPageTest" name="validateLoginFormTest" time="44.606"/>
  <system-out/>
  <testcase classname="com.rediff.qa.testcases.LoginPageTest" name="validateLoggedInPageTest" time="55.800"/>
  <system-out/>
</testsuite> <!-- com.rediff.qa.testcases.LoginPageTest -->
