<?xml version="1.0" encoding="UTF-8"?>
<!-- Generated by org.testng.reporters.JUnitReportReporter -->
<testsuite hostname="MLAMBA-IN" failures="0" tests="4" name="com.rediff.qa.testcases.HomePageTest" time="50.683" errors="0" timestamp="2020-09-03T01:10:32 IST" skipped="3">
  <testcase classname="com.rediff.qa.testcases.HomePageTest" name="validateHomeTitleTest" time="50.683"/>
  <system-out/>
  <testcase classname="com.rediff.qa.testcases.HomePageTest" name="validateNSETest">
    <skipped/>
  </testcase> <!-- validateNSETest -->
  <system-out/>
  <testcase classname="com.rediff.qa.testcases.HomePageTest" name="validateHomePageLogoTest">
    <skipped/>
  </testcase> <!-- validateHomePageLogoTest -->
  <system-out/>
  <testcase classname="com.rediff.qa.testcases.HomePageTest" name="validateHomeToLoginPageTest">
    <skipped/>
  </testcase> <!-- validateHomeToLoginPageTest -->
  <system-out/>
</testsuite> <!-- com.rediff.qa.testcases.HomePageTest -->
