<?xml version="1.0" encoding="UTF-8"?>
<!-- Generated by org.testng.reporters.JUnitReportReporter -->
<testsuite hostname="MLAMBA-IN" failures="0" tests="3" name="com.rediff.qa.testcases.ShoppingPageTest" time="94.652" errors="0" timestamp="2020-09-03T15:23:16 IST" skipped="2">
  <testcase classname="com.rediff.qa.testcases.ShoppingPageTest" name="validateShoppingTitleTest" time="94.652"/>
  <system-out/>
  <testcase classname="com.rediff.qa.testcases.ShoppingPageTest" name="validateSearchTest">
    <skipped/>
  </testcase> <!-- validateSearchTest -->
  <system-out/>
  <testcase classname="com.rediff.qa.testcases.ShoppingPageTest" name="validateShoppingLogoTest">
    <skipped/>
  </testcase> <!-- validateShoppingLogoTest -->
  <system-out/>
</testsuite> <!-- com.rediff.qa.testcases.ShoppingPageTest -->
