<?xml version="1.0" encoding="UTF-8"?>
<!-- Generated by org.testng.reporters.JUnitReportReporter -->
<testsuite hostname="MLAMBA-IN" failures="0" tests="3" name="com.rediff.qa.testcases.ShoppingPageTest" time="73.676" errors="0" timestamp="2020-08-27T16:56:30 IST" skipped="2">
  <testcase classname="com.rediff.qa.testcases.ShoppingPageTest" name="validateShoppingTitleTest" time="73.676"/>
  <system-out/>
  <testcase classname="com.rediff.qa.testcases.ShoppingPageTest" name="validateSearchTest">
    <skipped/>
  </testcase> <!-- validateSearchTest -->
  <system-out/>
  <testcase classname="com.rediff.qa.testcases.ShoppingPageTest" name="validateShoppingLogoTest">
    <skipped/>
  </testcase> <!-- validateShoppingLogoTest -->
  <system-out/>
</testsuite> <!-- com.rediff.qa.testcases.ShoppingPageTest -->
